{
  "stats": {
    "suites": 4,
    "tests": 6,
    "passes": 6,
    "pending": 0,
    "failures": 0,
    "start": "2021-08-01T13:16:55.151Z",
    "end": "2021-08-01T13:16:55.151Z",
    "duration": 46421,
    "testsRegistered": 6,
    "passPercent": 100,
    "pendingPercent": 0,
    "other": 0,
    "hasOther": false,
    "skipped": 0,
    "hasSkipped": false
  },
  "results": [
    {
      "uuid": "e330e007-a18c-4c12-86ca-0e605044a286",
      "title": "",
      "fullFile": "cypress/integration/About.js",
      "file": "cypress/integration/About.js",
      "beforeHooks": [],
      "afterHooks": [],
      "tests": [],
      "suites": [
        {
          "uuid": "aeb1092b-c19d-44ac-bccc-eec004b30623",
          "title": "About Page Verification",
          "fullFile": "",
          "file": "",
          "beforeHooks": [],
          "afterHooks": [],
          "tests": [
            {
              "title": "Verify that the expected text is available in About Page",
              "fullTitle": "About Page Verification Verify that the expected text is available in About Page",
              "timedOut": null,
              "duration": 10709,
              "state": "passed",
              "speed": "slow",
              "pass": true,
              "fail": false,
              "pending": false,
              "context": null,
              "code": "cy.visit('/');\nhomepage.aboutBtn.click();\nhomepage.aboutInquisitiveBtn.click();\naboutpage.inquisitiveText.should('contain', _AboutData.AboutData.inquisitivetext);\ncy.log('Inquisitive text has been successfully verified');",
              "err": {},
              "uuid": "f5bc25dc-2564-498e-9b42-4db5f5a03bbf",
              "parentUUID": "aeb1092b-c19d-44ac-bccc-eec004b30623",
              "isHook": false,
              "skipped": false
            }
          ],
          "suites": [],
          "passes": [
            "f5bc25dc-2564-498e-9b42-4db5f5a03bbf"
          ],
          "failures": [],
          "pending": [],
          "skipped": [],
          "duration": 10709,
          "root": false,
          "rootEmpty": false,
          "_timeout": 2000
        }
      ],
      "passes": [],
      "failures": [],
      "pending": [],
      "skipped": [],
      "duration": 0,
      "root": true,
      "rootEmpty": true,
      "_timeout": 2000
    },
    {
      "uuid": "dbe8a0ea-9009-4761-80e8-f86f0dc10bb6",
      "title": "",
      "fullFile": "cypress/integration/JoinInquisitive.js",
      "file": "cypress/integration/JoinInquisitive.js",
      "beforeHooks": [],
      "afterHooks": [],
      "tests": [],
      "suites": [
        {
          "uuid": "8f53b63e-619f-48ce-ad74-caabfe8de486",
          "title": "Join Inquisitive Modal pop up Verification",
          "fullFile": "",
          "file": "",
          "beforeHooks": [],
          "afterHooks": [],
          "tests": [
            {
              "title": "Verify that a modal pop up is displayed upon clicking Join Inquisitive",
              "fullTitle": "Join Inquisitive Modal pop up Verification Verify that a modal pop up is displayed upon clicking Join Inquisitive",
              "timedOut": null,
              "duration": 9129,
              "state": "passed",
              "speed": "slow",
              "pass": true,
              "fail": false,
              "pending": false,
              "context": null,
              "code": "cy.visit('/');\nhomepage.joinBtn.click();\ncy.url().should('eq', 'https://www.inquisitive.com/?modal=join');\ncy.contains('Special Offers').should('be.visible');\njoinpage.closeJoininquisitive.click();\ncy.log('Join Inquisitive modal pop up has been launched and closed');",
              "err": {},
              "uuid": "1edd5dcc-6175-4509-a8b6-df613e96e3f9",
              "parentUUID": "8f53b63e-619f-48ce-ad74-caabfe8de486",
              "isHook": false,
              "skipped": false
            }
          ],
          "suites": [],
          "passes": [
            "1edd5dcc-6175-4509-a8b6-df613e96e3f9"
          ],
          "failures": [],
          "pending": [],
          "skipped": [],
          "duration": 9129,
          "root": false,
          "rootEmpty": false,
          "_timeout": 2000
        }
      ],
      "passes": [],
      "failures": [],
      "pending": [],
      "skipped": [],
      "duration": 0,
      "root": true,
      "rootEmpty": true,
      "_timeout": 2000
    },
    {
      "uuid": "9bc63062-cc19-4c3d-9a7b-b016fdb447d2",
      "title": "",
      "fullFile": "cypress/integration/Lessons.js",
      "file": "cypress/integration/Lessons.js",
      "beforeHooks": [],
      "afterHooks": [],
      "tests": [],
      "suites": [
        {
          "uuid": "a316d2d2-3a72-493e-8d35-cf55404366d9",
          "title": "Lessons Pages",
          "fullFile": "",
          "file": "",
          "beforeHooks": [],
          "afterHooks": [],
          "tests": [
            {
              "title": "Verify that an appropriate lessons page opens up as per user selection",
              "fullTitle": "Lessons Pages Verify that an appropriate lessons page opens up as per user selection",
              "timedOut": null,
              "duration": 9169,
              "state": "passed",
              "speed": "slow",
              "pass": true,
              "fail": false,
              "pending": false,
              "context": null,
              "code": "cy.visit('/lesson/62-mapping');\nlessonspage.secondPageLink.click();\ncy.contains('Special Offers').should('be.visible');\njoinpage.closeJoininquisitive.click();\ncy.log(\"Modal pop up has been launched from lessons page\");",
              "err": {},
              "uuid": "15242c2f-12c5-45c0-80f1-4895f3bf4eb6",
              "parentUUID": "a316d2d2-3a72-493e-8d35-cf55404366d9",
              "isHook": false,
              "skipped": false
            }
          ],
          "suites": [],
          "passes": [
            "15242c2f-12c5-45c0-80f1-4895f3bf4eb6"
          ],
          "failures": [],
          "pending": [],
          "skipped": [],
          "duration": 9169,
          "root": false,
          "rootEmpty": false,
          "_timeout": 2000
        }
      ],
      "passes": [],
      "failures": [],
      "pending": [],
      "skipped": [],
      "duration": 0,
      "root": true,
      "rootEmpty": true,
      "_timeout": 2000
    },
    {
      "uuid": "a6044890-d0bb-44e6-b65f-780d18aeba4b",
      "title": "",
      "fullFile": "cypress/integration/SignIn.js",
      "file": "cypress/integration/SignIn.js",
      "beforeHooks": [],
      "afterHooks": [],
      "tests": [],
      "suites": [
        {
          "uuid": "67425333-501f-4b5d-9b53-c6318348eb7a",
          "title": "Sign in Validations",
          "fullFile": "",
          "file": "",
          "beforeHooks": [],
          "afterHooks": [],
          "tests": [
            {
              "title": "Verify the system performs Required field validations in sign in page",
              "fullTitle": "Sign in Validations Verify the system performs Required field validations in sign in page",
              "timedOut": null,
              "duration": 8487,
              "state": "passed",
              "speed": "slow",
              "pass": true,
              "fail": false,
              "pending": false,
              "context": null,
              "code": "cy.visit('/');\nhomepage.signInBtnHomePage.click();\nsigninpage.signInBtn.click();\nsigninpage.emailReqMsg.should('contain', _SignInData.SignInData.emailreq);\nsigninpage.pwdReqMsg.should('contain', _SignInData.SignInData.pwdreq);\ncy.log('Mandatory Email and Password validations');",
              "err": {},
              "uuid": "ed37101c-83c5-4d9e-9ee4-0edf8e3bbdb4",
              "parentUUID": "67425333-501f-4b5d-9b53-c6318348eb7a",
              "isHook": false,
              "skipped": false
            },
            {
              "title": "Verify the system performs valid email address check in sign in page",
              "fullTitle": "Sign in Validations Verify the system performs valid email address check in sign in page",
              "timedOut": null,
              "duration": 5022,
              "state": "passed",
              "speed": "slow",
              "pass": true,
              "fail": false,
              "pending": false,
              "context": null,
              "code": "cy.visit('/');\nhomepage.signInBtnHomePage.click();\nsigninpage.emailInput.type(_SignInData.SignInData.invalidemailinput);\nsigninpage.pwdInput.type(_SignInData.SignInData.pwdinput);\nsigninpage.signInBtn.click();\nsigninpage.invalidEmailMsg.should('contain', _SignInData.SignInData.emailinvalid);\ncy.log('Valid email check has been verified');",
              "err": {},
              "uuid": "4059a5c1-62a8-4683-b20d-2b03d9f8faec",
              "parentUUID": "67425333-501f-4b5d-9b53-c6318348eb7a",
              "isHook": false,
              "skipped": false
            },
            {
              "title": "Verify the system performs Incorrect login credentials check in sign in page",
              "fullTitle": "Sign in Validations Verify the system performs Incorrect login credentials check in sign in page",
              "timedOut": null,
              "duration": 3905,
              "state": "passed",
              "speed": "slow",
              "pass": true,
              "fail": false,
              "pending": false,
              "context": null,
              "code": "cy.visit('/');\nhomepage.signInBtnHomePage.click();\nsigninpage.emailInput.type(_SignInData.SignInData.emailinput);\nsigninpage.pwdInput.type(_SignInData.SignInData.pwdinput);\nsigninpage.signInBtn.click();\nsigninpage.invalidCredMsg.should('contain', _SignInData.SignInData.incorrectcred);\ncy.log('Incorrect credentials check has been verified');",
              "err": {},
              "uuid": "c74f5c90-e0cf-45d1-bcc7-54d2704b2b21",
              "parentUUID": "67425333-501f-4b5d-9b53-c6318348eb7a",
              "isHook": false,
              "skipped": false
            }
          ],
          "suites": [],
          "passes": [
            "ed37101c-83c5-4d9e-9ee4-0edf8e3bbdb4",
            "4059a5c1-62a8-4683-b20d-2b03d9f8faec",
            "c74f5c90-e0cf-45d1-bcc7-54d2704b2b21"
          ],
          "failures": [],
          "pending": [],
          "skipped": [],
          "duration": 17414,
          "root": false,
          "rootEmpty": false,
          "_timeout": 2000
        }
      ],
      "passes": [],
      "failures": [],
      "pending": [],
      "skipped": [],
      "duration": 0,
      "root": true,
      "rootEmpty": true,
      "_timeout": 2000
    }
  ],
  "meta": {
    "mocha": {
      "version": "7.0.1"
    },
    "mochawesome": {
      "options": {
        "quiet": false,
        "reportFilename": "mochawesome",
        "saveHtml": false,
        "saveJson": true,
        "consoleReporter": "spec",
        "useInlineDiffs": false,
        "code": true
      },
      "version": "6.1.1"
    },
    "marge": {
      "options": {
        "id": "default",
        "reportDir": "cypress/reports/json",
        "quite": true,
        "overwrite": false,
        "html": false,
        "json": true,
        "timestamp": "yyyymmdd_HHMMss"
      },
      "version": "5.1.0"
    }
  }
}