{
  "stats": {
    "suites": 1,
    "tests": 1,
    "passes": 1,
    "pending": 0,
    "failures": 0,
    "start": "2021-08-01T13:16:18.433Z",
    "end": "2021-08-01T13:16:27.662Z",
    "duration": 9229,
    "testsRegistered": 1,
    "passPercent": 100,
    "pendingPercent": 0,
    "other": 0,
    "hasOther": false,
    "skipped": 0,
    "hasSkipped": false
  },
  "results": [
    {
      "uuid": "9bc63062-cc19-4c3d-9a7b-b016fdb447d2",
      "title": "",
      "fullFile": "cypress/integration/Lessons.js",
      "file": "cypress/integration/Lessons.js",
      "beforeHooks": [],
      "afterHooks": [],
      "tests": [],
      "suites": [
        {
          "uuid": "a316d2d2-3a72-493e-8d35-cf55404366d9",
          "title": "Lessons Pages",
          "fullFile": "",
          "file": "",
          "beforeHooks": [],
          "afterHooks": [],
          "tests": [
            {
              "title": "Verify that an appropriate lessons page opens up as per user selection",
              "fullTitle": "Lessons Pages Verify that an appropriate lessons page opens up as per user selection",
              "timedOut": null,
              "duration": 9169,
              "state": "passed",
              "speed": "slow",
              "pass": true,
              "fail": false,
              "pending": false,
              "context": null,
              "code": "cy.visit('/lesson/62-mapping');\nlessonspage.secondPageLink.click();\ncy.contains('Special Offers').should('be.visible');\njoinpage.closeJoininquisitive.click();\ncy.log(\"Modal pop up has been launched from lessons page\");",
              "err": {},
              "uuid": "15242c2f-12c5-45c0-80f1-4895f3bf4eb6",
              "parentUUID": "a316d2d2-3a72-493e-8d35-cf55404366d9",
              "isHook": false,
              "skipped": false
            }
          ],
          "suites": [],
          "passes": [
            "15242c2f-12c5-45c0-80f1-4895f3bf4eb6"
          ],
          "failures": [],
          "pending": [],
          "skipped": [],
          "duration": 9169,
          "root": false,
          "rootEmpty": false,
          "_timeout": 2000
        }
      ],
      "passes": [],
      "failures": [],
      "pending": [],
      "skipped": [],
      "duration": 0,
      "root": true,
      "rootEmpty": true,
      "_timeout": 2000
    }
  ],
  "meta": {
    "mocha": {
      "version": "7.0.1"
    },
    "mochawesome": {
      "options": {
        "quiet": false,
        "reportFilename": "mochawesome",
        "saveHtml": false,
        "saveJson": true,
        "consoleReporter": "spec",
        "useInlineDiffs": false,
        "code": true
      },
      "version": "6.1.1"
    },
    "marge": {
      "options": {
        "id": "default",
        "reportDir": "cypress/reports/json",
        "quite": true,
        "overwrite": false,
        "html": false,
        "json": true,
        "timestamp": "yyyymmdd_HHMMss"
      },
      "version": "5.1.0"
    }
  }
}