{
  "stats": {
    "suites": 1,
    "tests": 1,
    "passes": 1,
    "pending": 0,
    "failures": 0,
    "start": "2021-08-01T13:16:02.382Z",
    "end": "2021-08-01T13:16:11.585Z",
    "duration": 9203,
    "testsRegistered": 1,
    "passPercent": 100,
    "pendingPercent": 0,
    "other": 0,
    "hasOther": false,
    "skipped": 0,
    "hasSkipped": false
  },
  "results": [
    {
      "uuid": "dbe8a0ea-9009-4761-80e8-f86f0dc10bb6",
      "title": "",
      "fullFile": "cypress/integration/JoinInquisitive.js",
      "file": "cypress/integration/JoinInquisitive.js",
      "beforeHooks": [],
      "afterHooks": [],
      "tests": [],
      "suites": [
        {
          "uuid": "8f53b63e-619f-48ce-ad74-caabfe8de486",
          "title": "Join Inquisitive Modal pop up Verification",
          "fullFile": "",
          "file": "",
          "beforeHooks": [],
          "afterHooks": [],
          "tests": [
            {
              "title": "Verify that a modal pop up is displayed upon clicking Join Inquisitive",
              "fullTitle": "Join Inquisitive Modal pop up Verification Verify that a modal pop up is displayed upon clicking Join Inquisitive",
              "timedOut": null,
              "duration": 9129,
              "state": "passed",
              "speed": "slow",
              "pass": true,
              "fail": false,
              "pending": false,
              "context": null,
              "code": "cy.visit('/');\nhomepage.joinBtn.click();\ncy.url().should('eq', 'https://www.inquisitive.com/?modal=join');\ncy.contains('Special Offers').should('be.visible');\njoinpage.closeJoininquisitive.click();\ncy.log('Join Inquisitive modal pop up has been launched and closed');",
              "err": {},
              "uuid": "1edd5dcc-6175-4509-a8b6-df613e96e3f9",
              "parentUUID": "8f53b63e-619f-48ce-ad74-caabfe8de486",
              "isHook": false,
              "skipped": false
            }
          ],
          "suites": [],
          "passes": [
            "1edd5dcc-6175-4509-a8b6-df613e96e3f9"
          ],
          "failures": [],
          "pending": [],
          "skipped": [],
          "duration": 9129,
          "root": false,
          "rootEmpty": false,
          "_timeout": 2000
        }
      ],
      "passes": [],
      "failures": [],
      "pending": [],
      "skipped": [],
      "duration": 0,
      "root": true,
      "rootEmpty": true,
      "_timeout": 2000
    }
  ],
  "meta": {
    "mocha": {
      "version": "7.0.1"
    },
    "mochawesome": {
      "options": {
        "quiet": false,
        "reportFilename": "mochawesome",
        "saveHtml": false,
        "saveJson": true,
        "consoleReporter": "spec",
        "useInlineDiffs": false,
        "code": true
      },
      "version": "6.1.1"
    },
    "marge": {
      "options": {
        "id": "default",
        "reportDir": "cypress/reports/json",
        "quite": true,
        "overwrite": false,
        "html": false,
        "json": true,
        "timestamp": "yyyymmdd_HHMMss"
      },
      "version": "5.1.0"
    }
  }
}